[NX Daemon Server] - 2023-11-29T02:49:43.743Z - Started listening on: \\.\pipe\nx\C:\Users\Bianca\AppData\Local\Temp\f82d0d04ddb2a405b766\d.sock
[NX Daemon Server] - 2023-11-29T02:49:43.748Z - [WATCHER]: Subscribed to changes within: c:\Users\Bianca\Desktop\work\w3fs (native)
[NX Daemon Server] - 2023-11-29T02:49:43.751Z - Established a connection. Number of open connections: 1
[NX Daemon Server] - 2023-11-29T02:49:43.753Z - Closed a connection. Number of open connections: 0
[NX Daemon Server] - 2023-11-29T02:49:43.753Z - Established a connection. Number of open connections: 1
[NX Daemon Server] - 2023-11-29T02:49:43.755Z - [REQUEST]: Client Request for Project Graph Received
[NX Daemon Server] - 2023-11-29T02:49:43.828Z - [REQUEST]: Updated file-hasher based on watched changes, recomputing project graph...
[NX Daemon Server] - 2023-11-29T02:49:43.828Z - [REQUEST]: 
[NX Daemon Server] - 2023-11-29T02:49:43.828Z - [REQUEST]: 
[NX Daemon Server] - 2023-11-29T02:49:43.879Z - [REQUEST]: Responding to the client. project-graph
[NX Daemon Server] - 2023-11-29T02:49:43.881Z - Time taken for 'total for creating and serializing project graph' 124.24550000578165ms
[NX Daemon Server] - 2023-11-29T02:49:43.881Z - Done responding to the client project-graph
[NX Daemon Server] - 2023-11-29T02:49:43.881Z - Handled REQUEST_PROJECT_GRAPH. Handling time: 124. Response time: 2.
[NX Daemon Server] - 2023-11-29T02:49:43.885Z - Closed a connection. Number of open connections: 0
[NX Daemon Server] - 2023-11-29T02:49:43.886Z - Established a connection. Number of open connections: 1
[NX Daemon Server] - 2023-11-29T02:49:43.886Z - Closed a connection. Number of open connections: 0
[NX Daemon Server] - 2023-11-29T02:49:43.886Z - Established a connection. Number of open connections: 1
[NX Daemon Server] - 2023-11-29T02:49:43.889Z - [REQUEST]: Responding to the client. handleRequestFileData
[NX Daemon Server] - 2023-11-29T02:49:43.889Z - Done responding to the client handleRequestFileData
[NX Daemon Server] - 2023-11-29T02:49:43.889Z - Handled REQUEST_FILE_DATA. Handling time: 0. Response time: 0.
[NX Daemon Server] - 2023-11-29T02:50:17.119Z - [WATCHER]: Processing file changes in outputs
[NX Daemon Server] - 2023-11-29T02:50:17.173Z - [WATCHER]: Processing file changes in outputs
[NX Daemon Server] - 2023-11-29T02:50:17.226Z - [WATCHER]: Processing file changes in outputs
[NX Daemon Server] - 2023-11-29T02:51:08.350Z - Established a connection. Number of open connections: 2
[NX Daemon Server] - 2023-11-29T02:51:08.350Z - Closed a connection. Number of open connections: 1
[NX Daemon Server] - 2023-11-29T02:51:08.351Z - Established a connection. Number of open connections: 2
[NX Daemon Server] - 2023-11-29T02:51:08.352Z - [REQUEST]: Client Request for Project Graph Received
[NX Daemon Server] - 2023-11-29T02:51:08.353Z - [REQUEST]: Responding to the client. project-graph
[NX Daemon Server] - 2023-11-29T02:51:08.354Z - Time taken for 'total for creating and serializing project graph' 0.15200000256299973ms
[NX Daemon Server] - 2023-11-29T02:51:08.354Z - Done responding to the client project-graph
[NX Daemon Server] - 2023-11-29T02:51:08.354Z - Handled REQUEST_PROJECT_GRAPH. Handling time: 1. Response time: 1.
[NX Daemon Server] - 2023-11-29T02:51:08.401Z - [REQUEST]: Responding to the client. handleHashTasks
[NX Daemon Server] - 2023-11-29T02:51:08.401Z - Done responding to the client handleHashTasks
[NX Daemon Server] - 2023-11-29T02:51:08.401Z - Handled HASH_TASKS. Handling time: 27. Response time: 0.
[NX Daemon Server] - 2023-11-29T02:51:08.903Z - Established a connection. Number of open connections: 3
[NX Daemon Server] - 2023-11-29T02:51:08.903Z - Closed a connection. Number of open connections: 2
[NX Daemon Server] - 2023-11-29T02:51:08.904Z - Established a connection. Number of open connections: 3
[NX Daemon Server] - 2023-11-29T02:51:08.905Z - [REQUEST]: Client Request for Project Graph Received
[NX Daemon Server] - 2023-11-29T02:51:08.905Z - [REQUEST]: Responding to the client. project-graph
[NX Daemon Server] - 2023-11-29T02:51:08.906Z - Time taken for 'total for creating and serializing project graph' 0.13610000163316727ms
[NX Daemon Server] - 2023-11-29T02:51:08.907Z - Done responding to the client project-graph
[NX Daemon Server] - 2023-11-29T02:51:08.907Z - Handled REQUEST_PROJECT_GRAPH. Handling time: 0. Response time: 2.
[NX Daemon Server] - 2023-11-29T02:51:17.368Z - [WATCHER]: Processing file changes in outputs
[NX Daemon Server] - 2023-11-29T02:51:17.431Z - [WATCHER]: Processing file changes in outputs
[NX Daemon Server] - 2023-11-29T02:51:17.540Z - [WATCHER]: Processing file changes in outputs
[NX Daemon Server] - 2023-11-29T02:51:17.884Z - [WATCHER]: Processing file changes in outputs
[NX Daemon Server] - 2023-11-29T02:51:18.039Z - [WATCHER]: Processing file changes in outputs
[NX Daemon Server] - 2023-11-29T02:51:18.117Z - [WATCHER]: Processing file changes in outputs
[NX Daemon Server] - 2023-11-29T02:51:18.592Z - [WATCHER]: Processing file changes in outputs
[NX Daemon Server] - 2023-11-29T02:51:26.772Z - [WATCHER]: Processing file changes in outputs
[NX Daemon Server] - 2023-11-29T02:51:26.880Z - [WATCHER]: Processing file changes in outputs
[NX Daemon Server] - 2023-11-29T02:53:00.061Z - [WATCHER]: Processing file changes in outputs
[NX Daemon Server] - 2023-11-29T02:53:00.062Z - [WATCHER]: apps/w3fs-frontend/src/styles.css was modified
[NX Daemon Server] - 2023-11-29T02:53:00.179Z - [REQUEST]: Updated file-hasher based on watched changes, recomputing project graph...
[NX Daemon Server] - 2023-11-29T02:53:00.179Z - [REQUEST]: apps/w3fs-frontend/src/styles.css
[NX Daemon Server] - 2023-11-29T02:53:00.179Z - [REQUEST]: 
[NX Daemon Server] - 2023-11-29T02:53:00.216Z - Time taken for 'hash changed files from watcher' 0.1720000058412552ms
[NX Daemon Server] - 2023-11-29T02:53:07.312Z - [WATCHER]: Processing file changes in outputs
[NX Daemon Server] - 2023-11-29T02:53:07.313Z - [WATCHER]: apps/w3fs-frontend/src/app/connect-wallet-wagmi/connect-wallet-wagmi.component.html was modified
[NX Daemon Server] - 2023-11-29T02:53:07.525Z - [REQUEST]: Updated file-hasher based on watched changes, recomputing project graph...
[NX Daemon Server] - 2023-11-29T02:53:07.525Z - [REQUEST]: apps/w3fs-frontend/src/app/connect-wallet-wagmi/connect-wallet-wagmi.component.html
[NX Daemon Server] - 2023-11-29T02:53:07.525Z - [REQUEST]: 
[NX Daemon Server] - 2023-11-29T02:53:07.562Z - Time taken for 'hash changed files from watcher' 0.37530000507831573ms
[NX Daemon Server] - 2023-11-29T02:53:15.631Z - [WATCHER]: Processing file changes in outputs
[NX Daemon Server] - 2023-11-29T02:53:15.632Z - [WATCHER]: 1 file(s) created or restored, 0 file(s) modified, 1 file(s) deleted
[NX Daemon Server] - 2023-11-29T02:53:15.755Z - [REQUEST]: Updated file-hasher based on watched changes, recomputing project graph...
[NX Daemon Server] - 2023-11-29T02:53:15.755Z - [REQUEST]: apps/w3fs-frontend/tailwind.config.js
[NX Daemon Server] - 2023-11-29T02:53:15.755Z - [REQUEST]: tailwind.config.js
[NX Daemon Server] - 2023-11-29T02:53:15.806Z - Time taken for 'hash changed files from watcher' 0.2842999994754791ms
[NX Daemon Server] - 2023-11-29T02:54:17.004Z - [WATCHER]: Processing file changes in outputs
[NX Daemon Server] - 2023-11-29T02:54:17.129Z - [WATCHER]: Processing file changes in outputs
[NX Daemon Server] - 2023-11-29T02:55:32.525Z - Closed a connection. Number of open connections: 2
[NX Daemon Server] - 2023-11-29T02:55:32.530Z - Closed a connection. Number of open connections: 1
[NX Daemon Server] - 2023-11-29T02:55:35.166Z - Established a connection. Number of open connections: 2
[NX Daemon Server] - 2023-11-29T02:55:35.167Z - Closed a connection. Number of open connections: 1
[NX Daemon Server] - 2023-11-29T02:55:35.167Z - Established a connection. Number of open connections: 2
[NX Daemon Server] - 2023-11-29T02:55:35.169Z - [REQUEST]: Client Request for Project Graph Received
[NX Daemon Server] - 2023-11-29T02:55:35.169Z - [REQUEST]: Responding to the client. project-graph
[NX Daemon Server] - 2023-11-29T02:55:35.171Z - Time taken for 'total for creating and serializing project graph' 0.1574000045657158ms
[NX Daemon Server] - 2023-11-29T02:55:35.171Z - Done responding to the client project-graph
[NX Daemon Server] - 2023-11-29T02:55:35.171Z - Handled REQUEST_PROJECT_GRAPH. Handling time: 0. Response time: 2.
[NX Daemon Server] - 2023-11-29T02:55:35.210Z - [REQUEST]: Responding to the client. handleHashTasks
[NX Daemon Server] - 2023-11-29T02:55:35.211Z - Done responding to the client handleHashTasks
[NX Daemon Server] - 2023-11-29T02:55:35.211Z - Handled HASH_TASKS. Handling time: 18. Response time: 1.
[NX Daemon Server] - 2023-11-29T02:55:35.662Z - Established a connection. Number of open connections: 3
[NX Daemon Server] - 2023-11-29T02:55:35.663Z - Closed a connection. Number of open connections: 2
[NX Daemon Server] - 2023-11-29T02:55:35.663Z - Established a connection. Number of open connections: 3
[NX Daemon Server] - 2023-11-29T02:55:35.665Z - [REQUEST]: Client Request for Project Graph Received
[NX Daemon Server] - 2023-11-29T02:55:35.665Z - [REQUEST]: Responding to the client. project-graph
[NX Daemon Server] - 2023-11-29T02:55:35.666Z - Time taken for 'total for creating and serializing project graph' 0.11569999903440475ms
[NX Daemon Server] - 2023-11-29T02:55:35.666Z - Done responding to the client project-graph
[NX Daemon Server] - 2023-11-29T02:55:35.666Z - Handled REQUEST_PROJECT_GRAPH. Handling time: 0. Response time: 1.
[NX Daemon Server] - 2023-11-29T02:55:47.607Z - Closed a connection. Number of open connections: 2
[NX Daemon Server] - 2023-11-29T02:55:47.613Z - [REQUEST]: Responding to the client. recordOutputsHash
[NX Daemon Server] - 2023-11-29T02:55:47.613Z - Done responding to the client recordOutputsHash
[NX Daemon Server] - 2023-11-29T02:55:47.613Z - Handled RECORD_OUTPUTS_HASH. Handling time: 1. Response time: 0.
[NX Daemon Server] - 2023-11-29T02:55:47.620Z - Closed a connection. Number of open connections: 1
[NX Daemon Server] - 2023-11-29T02:55:49.624Z - Established a connection. Number of open connections: 2
[NX Daemon Server] - 2023-11-29T02:55:49.624Z - Closed a connection. Number of open connections: 1
[NX Daemon Server] - 2023-11-29T02:55:49.625Z - Established a connection. Number of open connections: 2
[NX Daemon Server] - 2023-11-29T02:55:49.627Z - [REQUEST]: Client Request for Project Graph Received
[NX Daemon Server] - 2023-11-29T02:55:49.627Z - [REQUEST]: Responding to the client. project-graph
[NX Daemon Server] - 2023-11-29T02:55:49.628Z - Time taken for 'total for creating and serializing project graph' 0.13280000537633896ms
[NX Daemon Server] - 2023-11-29T02:55:49.628Z - Done responding to the client project-graph
[NX Daemon Server] - 2023-11-29T02:55:49.629Z - Handled REQUEST_PROJECT_GRAPH. Handling time: 0. Response time: 1.
[NX Daemon Server] - 2023-11-29T02:55:49.652Z - [REQUEST]: Responding to the client. handleHashTasks
[NX Daemon Server] - 2023-11-29T02:55:49.652Z - Done responding to the client handleHashTasks
[NX Daemon Server] - 2023-11-29T02:55:49.652Z - Handled HASH_TASKS. Handling time: 1. Response time: 0.
[NX Daemon Server] - 2023-11-29T02:55:50.127Z - Established a connection. Number of open connections: 3
[NX Daemon Server] - 2023-11-29T02:55:50.127Z - Closed a connection. Number of open connections: 2
[NX Daemon Server] - 2023-11-29T02:55:50.127Z - Established a connection. Number of open connections: 3
[NX Daemon Server] - 2023-11-29T02:55:50.129Z - [REQUEST]: Client Request for Project Graph Received
[NX Daemon Server] - 2023-11-29T02:55:50.129Z - [REQUEST]: Responding to the client. project-graph
[NX Daemon Server] - 2023-11-29T02:55:50.130Z - Time taken for 'total for creating and serializing project graph' 0.13649999350309372ms
[NX Daemon Server] - 2023-11-29T02:55:50.130Z - Done responding to the client project-graph
[NX Daemon Server] - 2023-11-29T02:55:50.131Z - Handled REQUEST_PROJECT_GRAPH. Handling time: 0. Response time: 2.
[NX Daemon Server] - 2023-11-29T02:56:03.585Z - [WATCHER]: Processing file changes in outputs
[NX Daemon Server] - 2023-11-29T02:56:03.724Z - [WATCHER]: Processing file changes in outputs
[NX Daemon Server] - 2023-11-29T02:58:37.610Z - [WATCHER]: Processing file changes in outputs
[NX Daemon Server] - 2023-11-29T02:58:37.611Z - [WATCHER]: apps/w3fs-frontend/tailwind.config.js was modified
[NX Daemon Server] - 2023-11-29T02:58:37.737Z - [REQUEST]: Updated file-hasher based on watched changes, recomputing project graph...
[NX Daemon Server] - 2023-11-29T02:58:37.737Z - [REQUEST]: apps/w3fs-frontend/tailwind.config.js
[NX Daemon Server] - 2023-11-29T02:58:37.737Z - [REQUEST]: 
[NX Daemon Server] - 2023-11-29T02:58:37.782Z - Time taken for 'hash changed files from watcher' 5.236600004136562ms
[NX Daemon Server] - 2023-11-29T02:59:06.163Z - [WATCHER]: Processing file changes in outputs
[NX Daemon Server] - 2023-11-29T02:59:06.164Z - [WATCHER]: apps/w3fs-frontend/tailwind.config.js was modified
[NX Daemon Server] - 2023-11-29T02:59:06.380Z - [REQUEST]: Updated file-hasher based on watched changes, recomputing project graph...
[NX Daemon Server] - 2023-11-29T02:59:06.380Z - [REQUEST]: apps/w3fs-frontend/tailwind.config.js
[NX Daemon Server] - 2023-11-29T02:59:06.380Z - [REQUEST]: 
[NX Daemon Server] - 2023-11-29T02:59:06.421Z - Time taken for 'hash changed files from watcher' 0.2825999930500984ms
[NX Daemon Server] - 2023-11-29T02:59:06.969Z - [WATCHER]: Processing file changes in outputs
[NX Daemon Server] - 2023-11-29T02:59:07.182Z - [WATCHER]: Processing file changes in outputs
[NX Daemon Server] - 2023-11-29T02:59:07.249Z - [WATCHER]: Processing file changes in outputs
[NX Daemon Server] - 2023-11-29T02:59:15.029Z - [WATCHER]: Processing file changes in outputs
[NX Daemon Server] - 2023-11-29T02:59:15.030Z - [WATCHER]: apps/w3fs-frontend/tailwind.config.js was modified
[NX Daemon Server] - 2023-11-29T02:59:15.445Z - [REQUEST]: Updated file-hasher based on watched changes, recomputing project graph...
[NX Daemon Server] - 2023-11-29T02:59:15.445Z - [REQUEST]: apps/w3fs-frontend/tailwind.config.js
[NX Daemon Server] - 2023-11-29T02:59:15.445Z - [REQUEST]: 
[NX Daemon Server] - 2023-11-29T02:59:15.482Z - Time taken for 'hash changed files from watcher' 0.17799999564886093ms
[NX Daemon Server] - 2023-11-29T02:59:25.687Z - Closed a connection. Number of open connections: 2
[NX Daemon Server] - 2023-11-29T02:59:25.691Z - Closed a connection. Number of open connections: 1
[NX Daemon Server] - 2023-11-29T02:59:28.755Z - Established a connection. Number of open connections: 2
[NX Daemon Server] - 2023-11-29T02:59:28.755Z - Closed a connection. Number of open connections: 1
[NX Daemon Server] - 2023-11-29T02:59:28.756Z - Established a connection. Number of open connections: 2
[NX Daemon Server] - 2023-11-29T02:59:28.757Z - [REQUEST]: Client Request for Project Graph Received
[NX Daemon Server] - 2023-11-29T02:59:28.757Z - [REQUEST]: Responding to the client. project-graph
[NX Daemon Server] - 2023-11-29T02:59:28.759Z - Time taken for 'total for creating and serializing project graph' 0.11719999462366104ms
[NX Daemon Server] - 2023-11-29T02:59:28.759Z - Done responding to the client project-graph
[NX Daemon Server] - 2023-11-29T02:59:28.759Z - Handled REQUEST_PROJECT_GRAPH. Handling time: 0. Response time: 2.
[NX Daemon Server] - 2023-11-29T02:59:28.797Z - [REQUEST]: Responding to the client. handleHashTasks
[NX Daemon Server] - 2023-11-29T02:59:28.797Z - Done responding to the client handleHashTasks
[NX Daemon Server] - 2023-11-29T02:59:28.797Z - Handled HASH_TASKS. Handling time: 19. Response time: 0.
[NX Daemon Server] - 2023-11-29T02:59:29.252Z - Established a connection. Number of open connections: 3
[NX Daemon Server] - 2023-11-29T02:59:29.252Z - Closed a connection. Number of open connections: 2
[NX Daemon Server] - 2023-11-29T02:59:29.253Z - Established a connection. Number of open connections: 3
[NX Daemon Server] - 2023-11-29T02:59:29.254Z - [REQUEST]: Client Request for Project Graph Received
[NX Daemon Server] - 2023-11-29T02:59:29.254Z - [REQUEST]: Responding to the client. project-graph
[NX Daemon Server] - 2023-11-29T02:59:29.256Z - Time taken for 'total for creating and serializing project graph' 0.1476999968290329ms
[NX Daemon Server] - 2023-11-29T02:59:29.256Z - Done responding to the client project-graph
[NX Daemon Server] - 2023-11-29T02:59:29.256Z - Handled REQUEST_PROJECT_GRAPH. Handling time: 0. Response time: 2.
[NX Daemon Server] - 2023-11-29T02:59:36.909Z - [WATCHER]: Processing file changes in outputs
[NX Daemon Server] - 2023-11-29T02:59:37.048Z - [WATCHER]: Processing file changes in outputs
[NX Daemon Server] - 2023-11-29T03:00:56.901Z - [WATCHER]: apps/w3fs-frontend/src/app/connect-wallet-wagmi/connect-wallet-wagmi.component.ts was modified
[NX Daemon Server] - 2023-11-29T03:00:56.901Z - [WATCHER]: Processing file changes in outputs
[NX Daemon Server] - 2023-11-29T03:00:57.027Z - [REQUEST]: Updated file-hasher based on watched changes, recomputing project graph...
[NX Daemon Server] - 2023-11-29T03:00:57.027Z - [REQUEST]: apps/w3fs-frontend/src/app/connect-wallet-wagmi/connect-wallet-wagmi.component.ts
[NX Daemon Server] - 2023-11-29T03:00:57.027Z - [REQUEST]: 
[NX Daemon Server] - 2023-11-29T03:00:57.071Z - Time taken for 'hash changed files from watcher' 0.3263000026345253ms
[NX Daemon Server] - 2023-11-29T03:00:58.281Z - [WATCHER]: Processing file changes in outputs
[NX Daemon Server] - 2023-11-29T03:00:59.690Z - [WATCHER]: Processing file changes in outputs
[NX Daemon Server] - 2023-11-29T03:01:00.349Z - [WATCHER]: Processing file changes in outputs
[NX Daemon Server] - 2023-11-29T03:01:00.474Z - [WATCHER]: Processing file changes in outputs
[NX Daemon Server] - 2023-11-29T03:02:03.748Z - [WATCHER]: Processing file changes in outputs
[NX Daemon Server] - 2023-11-29T03:02:03.749Z - [WATCHER]: apps/w3fs-frontend/src/app/services/wallet.service.ts was modified
[NX Daemon Server] - 2023-11-29T03:02:03.961Z - [REQUEST]: Updated file-hasher based on watched changes, recomputing project graph...
[NX Daemon Server] - 2023-11-29T03:02:03.961Z - [REQUEST]: apps/w3fs-frontend/src/app/services/wallet.service.ts
[NX Daemon Server] - 2023-11-29T03:02:03.961Z - [REQUEST]: 
[NX Daemon Server] - 2023-11-29T03:02:04.007Z - Time taken for 'hash changed files from watcher' 0.26329999417066574ms
[NX Daemon Server] - 2023-11-29T03:02:04.889Z - [WATCHER]: Processing file changes in outputs
[NX Daemon Server] - 2023-11-29T03:02:21.742Z - [WATCHER]: Processing file changes in outputs
[NX Daemon Server] - 2023-11-29T03:02:21.743Z - [WATCHER]: apps/w3fs-frontend/src/app/services/wallet.service.ts was modified
[NX Daemon Server] - 2023-11-29T03:02:22.156Z - [REQUEST]: Updated file-hasher based on watched changes, recomputing project graph...
[NX Daemon Server] - 2023-11-29T03:02:22.157Z - [REQUEST]: apps/w3fs-frontend/src/app/services/wallet.service.ts
[NX Daemon Server] - 2023-11-29T03:02:22.157Z - [REQUEST]: 
[NX Daemon Server] - 2023-11-29T03:02:22.191Z - Time taken for 'hash changed files from watcher' 0.2282000035047531ms
[NX Daemon Server] - 2023-11-29T03:02:22.351Z - [WATCHER]: Processing file changes in outputs
[NX Daemon Server] - 2023-11-29T03:02:24.009Z - [WATCHER]: Processing file changes in outputs
[NX Daemon Server] - 2023-11-29T03:02:24.147Z - [WATCHER]: Processing file changes in outputs
[NX Daemon Server] - 2023-11-29T03:03:59.852Z - [WATCHER]: apps/w3fs-frontend/src/app/services/wallet.service.ts was modified
[NX Daemon Server] - 2023-11-29T03:03:59.853Z - [WATCHER]: Processing file changes in outputs
[NX Daemon Server] - 2023-11-29T03:04:00.386Z - [WATCHER]: Processing file changes in outputs
[NX Daemon Server] - 2023-11-29T03:04:00.674Z - [REQUEST]: Updated file-hasher based on watched changes, recomputing project graph...
[NX Daemon Server] - 2023-11-29T03:04:00.674Z - [REQUEST]: apps/w3fs-frontend/src/app/services/wallet.service.ts
[NX Daemon Server] - 2023-11-29T03:04:00.674Z - [REQUEST]: 
[NX Daemon Server] - 2023-11-29T03:04:00.706Z - Time taken for 'hash changed files from watcher' 0.8022000044584274ms
[NX Daemon Server] - 2023-11-29T03:04:27.669Z - [WATCHER]: apps/w3fs-frontend/src/app/services/wallet.service.ts was modified
[NX Daemon Server] - 2023-11-29T03:04:27.669Z - [WATCHER]: Processing file changes in outputs
[NX Daemon Server] - 2023-11-29T03:04:29.290Z - [REQUEST]: Updated file-hasher based on watched changes, recomputing project graph...
[NX Daemon Server] - 2023-11-29T03:04:29.290Z - [REQUEST]: apps/w3fs-frontend/src/app/services/wallet.service.ts
[NX Daemon Server] - 2023-11-29T03:04:29.290Z - [REQUEST]: 
[NX Daemon Server] - 2023-11-29T03:04:29.324Z - Time taken for 'hash changed files from watcher' 0.5555000007152557ms
[NX Daemon Server] - 2023-11-29T03:05:28.245Z - [WATCHER]: Processing file changes in outputs
[NX Daemon Server] - 2023-11-29T03:07:49.014Z - [WATCHER]: apps/w3fs-frontend/src/app/connect-wallet-wagmi/connect-wallet-wagmi.component.ts was modified
[NX Daemon Server] - 2023-11-29T03:07:49.014Z - [WATCHER]: Processing file changes in outputs
[NX Daemon Server] - 2023-11-29T03:07:49.903Z - [WATCHER]: Processing file changes in outputs
[NX Daemon Server] - 2023-11-29T03:07:52.233Z - [REQUEST]: Updated file-hasher based on watched changes, recomputing project graph...
[NX Daemon Server] - 2023-11-29T03:07:52.233Z - [REQUEST]: apps/w3fs-frontend/src/app/connect-wallet-wagmi/connect-wallet-wagmi.component.ts
[NX Daemon Server] - 2023-11-29T03:07:52.233Z - [REQUEST]: 
[NX Daemon Server] - 2023-11-29T03:07:52.264Z - Time taken for 'hash changed files from watcher' 0.23560000211000443ms
[NX Daemon Server] - 2023-11-29T03:08:50.465Z - [WATCHER]: Processing file changes in outputs
[NX Daemon Server] - 2023-11-29T03:08:50.576Z - [WATCHER]: Processing file changes in outputs
[NX Daemon Server] - 2023-11-29T16:26:32.493Z - Started listening on: /tmp/f578884d592be05ad074/d.sock
[NX Daemon Server] - 2023-11-29T16:26:32.494Z - [WATCHER]: Subscribed to changes within: /home/matheus/Projects/Venture Miner/w3fs (native)
[NX Daemon Server] - 2023-11-29T16:26:32.503Z - Established a connection. Number of open connections: 1
[NX Daemon Server] - 2023-11-29T16:26:32.504Z - Established a connection. Number of open connections: 2
[NX Daemon Server] - 2023-11-29T16:26:32.506Z - [REQUEST]: Client Request for Project Graph Received
[NX Daemon Server] - 2023-11-29T16:26:32.530Z - [REQUEST]: Updated file-hasher based on watched changes, recomputing project graph...
[NX Daemon Server] - 2023-11-29T16:26:32.530Z - [REQUEST]: 
[NX Daemon Server] - 2023-11-29T16:26:32.530Z - [REQUEST]: 
[NX Daemon Server] - 2023-11-29T16:26:32.566Z - [REQUEST]: Responding to the client. project-graph
[NX Daemon Server] - 2023-11-29T16:26:32.568Z - Time taken for 'total for creating and serializing project graph' 60.46956199966371ms
[NX Daemon Server] - 2023-11-29T16:26:32.568Z - Closed a connection. Number of open connections: 1
[NX Daemon Server] - 2023-11-29T16:26:32.569Z - Done responding to the client project-graph
[NX Daemon Server] - 2023-11-29T16:26:32.569Z - Handled REQUEST_PROJECT_GRAPH. Handling time: 60. Response time: 3.
[NX Daemon Server] - 2023-11-29T16:26:32.573Z - Closed a connection. Number of open connections: 0
[NX Daemon Server] - 2023-11-29T16:26:32.574Z - Established a connection. Number of open connections: 1
[NX Daemon Server] - 2023-11-29T16:26:32.575Z - Closed a connection. Number of open connections: 0
[NX Daemon Server] - 2023-11-29T16:26:32.575Z - Established a connection. Number of open connections: 1
[NX Daemon Server] - 2023-11-29T16:26:32.576Z - [REQUEST]: Responding to the client. handleRequestFileData
[NX Daemon Server] - 2023-11-29T16:26:32.576Z - Done responding to the client handleRequestFileData
[NX Daemon Server] - 2023-11-29T16:26:32.576Z - Handled REQUEST_FILE_DATA. Handling time: 0. Response time: 0.
[NX Daemon Server] - 2023-11-29T16:26:32.972Z - Established a connection. Number of open connections: 2
[NX Daemon Server] - 2023-11-29T16:26:32.972Z - Closed a connection. Number of open connections: 1
[NX Daemon Server] - 2023-11-29T16:26:32.972Z - Established a connection. Number of open connections: 2
[NX Daemon Server] - 2023-11-29T16:26:32.973Z - [REQUEST]: Client Request for Project Graph Received
[NX Daemon Server] - 2023-11-29T16:26:32.973Z - [REQUEST]: Responding to the client. project-graph
[NX Daemon Server] - 2023-11-29T16:26:32.974Z - Time taken for 'total for creating and serializing project graph' 0.07779299980029464ms
[NX Daemon Server] - 2023-11-29T16:26:32.975Z - Done responding to the client project-graph
[NX Daemon Server] - 2023-11-29T16:26:32.975Z - Handled REQUEST_PROJECT_GRAPH. Handling time: 0. Response time: 2.
[NX Daemon Server] - 2023-11-29T16:26:32.987Z - [REQUEST]: Client Request for Project Graph Received
[NX Daemon Server] - 2023-11-29T16:26:32.987Z - [REQUEST]: Responding to the client. project-graph
[NX Daemon Server] - 2023-11-29T16:26:32.988Z - Time taken for 'total for creating and serializing project graph' 0.10654699988663197ms
[NX Daemon Server] - 2023-11-29T16:26:32.988Z - Done responding to the client project-graph
[NX Daemon Server] - 2023-11-29T16:26:32.988Z - Handled REQUEST_PROJECT_GRAPH. Handling time: 0. Response time: 1.
[NX Daemon Server] - 2023-11-29T16:26:32.995Z - [REQUEST]: Client Request for Project Graph Received
[NX Daemon Server] - 2023-11-29T16:26:32.995Z - [REQUEST]: Responding to the client. project-graph
[NX Daemon Server] - 2023-11-29T16:26:32.996Z - Time taken for 'total for creating and serializing project graph' 0.17320299986749887ms
[NX Daemon Server] - 2023-11-29T16:26:32.997Z - Done responding to the client project-graph
[NX Daemon Server] - 2023-11-29T16:26:32.997Z - Handled REQUEST_PROJECT_GRAPH. Handling time: 0. Response time: 2.
[NX Daemon Server] - 2023-11-29T16:26:33.031Z - [REQUEST]: Responding to the client. handleRequestFileData
[NX Daemon Server] - 2023-11-29T16:26:33.031Z - Done responding to the client handleRequestFileData
[NX Daemon Server] - 2023-11-29T16:26:33.031Z - Handled REQUEST_FILE_DATA. Handling time: 0. Response time: 1.
[NX Daemon Server] - 2023-11-29T16:26:33.054Z - Closed a connection. Number of open connections: 1
[NX Daemon Server] - 2023-11-29T16:28:27.232Z - Established a connection. Number of open connections: 2
[NX Daemon Server] - 2023-11-29T16:28:27.233Z - Closed a connection. Number of open connections: 1
[NX Daemon Server] - 2023-11-29T16:28:27.233Z - Established a connection. Number of open connections: 2
[NX Daemon Server] - 2023-11-29T16:28:27.234Z - [REQUEST]: Client Request for Project Graph Received
[NX Daemon Server] - 2023-11-29T16:28:27.234Z - [REQUEST]: Responding to the client. project-graph
[NX Daemon Server] - 2023-11-29T16:28:27.235Z - Time taken for 'total for creating and serializing project graph' 0.12340100016444921ms
[NX Daemon Server] - 2023-11-29T16:28:27.236Z - Done responding to the client project-graph
[NX Daemon Server] - 2023-11-29T16:28:27.236Z - Handled REQUEST_PROJECT_GRAPH. Handling time: 0. Response time: 2.
[NX Daemon Server] - 2023-11-29T16:28:27.243Z - Closed a connection. Number of open connections: 1
[NX Daemon Server] - 2023-11-29T16:34:05.330Z - [WATCHER]: Processing file changes in outputs
[NX Daemon Server] - 2023-11-29T16:34:05.331Z - [WATCHER]: 15 file(s) created or restored, 0 file(s) modified, 0 file(s) deleted
[NX Daemon Server] - 2023-11-29T16:34:05.331Z - [WATCHER]: Stopping the watcher for /home/matheus/Projects/Venture Miner/w3fs (sources)
[NX Daemon Server] - 2023-11-29T16:34:05.331Z - [WATCHER]: Stopping the watcher for /home/matheus/Projects/Venture Miner/w3fs (outputs)
[NX Daemon Server] - 2023-11-29T16:34:05.331Z - Server stopped because: "Stopping the daemon the set of ignored files changed (native)"
